<?xml version="1.0" encoding="UTF-8"?>
<!-- Generated by org.testng.reporters.JUnitReportReporter -->
<testsuite hostname="DESKTOP-4KM6009" failures="0" tests="2" name="PomClass.TC02_VerifyLogoutFunctionality" time="16.598" errors="0" timestamp="2022-11-03T13:55:23 IST" skipped="0">
  <testcase classname="PomClass.TC02_VerifyLogoutFunctionality" name="VerifyLogout" time="10.775"/>
  <system-out/>
  <testcase classname="PomClass.TC02_VerifyLogoutFunctionality" name="VerifyLogout" time="5.823"/>
  <system-out/>
</testsuite> <!-- PomClass.TC02_VerifyLogoutFunctionality -->
