<?xml version="1.0" encoding="UTF-8"?>
<!-- Generated by org.testng.reporters.JUnitReportReporter -->
<testsuite hostname="DESKTOP-4KM6009" failures="0" tests="2" name="PomClass.TC03_VerifyAddToCartFunctionality" time="16.820" errors="0" timestamp="2022-11-03T13:55:23 IST" skipped="0">
  <testcase classname="PomClass.TC03_VerifyAddToCartFunctionality" name="Verifyaddtocart" time="10.729"/>
  <system-out/>
  <testcase classname="PomClass.TC03_VerifyAddToCartFunctionality" name="Verifyaddtocart" time="6.091"/>
  <system-out/>
</testsuite> <!-- PomClass.TC03_VerifyAddToCartFunctionality -->
