<?xml version="1.0" encoding="UTF-8"?>
<!-- Generated by org.testng.reporters.JUnitReportReporter -->
<testsuite hostname="DESKTOP-4KM6009" failures="0" tests="2" name="PomClass.TC04VerifyAllProductsFunctionality" time="25.238" errors="0" timestamp="2022-11-03T13:55:23 IST" skipped="0">
  <testcase classname="PomClass.TC04VerifyAllProductsFunctionality" name="Verifyallproducts" time="11.426"/>
  <system-out/>
  <testcase classname="PomClass.TC04VerifyAllProductsFunctionality" name="Verifyallproducts" time="13.812"/>
  <system-out/>
</testsuite> <!-- PomClass.TC04VerifyAllProductsFunctionality -->
