<?xml version="1.0" encoding="UTF-8"?>
<!-- Generated by org.testng.reporters.JUnitReportReporter -->
<testsuite hostname="DESKTOP-4KM6009" failures="0" tests="2" name="PomClass.TC01_VerifyLoginFunctionality" time="16.723" errors="0" timestamp="2022-11-03T13:55:23 IST" skipped="0">
  <testcase classname="PomClass.TC01_VerifyLoginFunctionality" name="verifylogin" time="10.330"/>
  <system-out/>
  <testcase classname="PomClass.TC01_VerifyLoginFunctionality" name="verifylogin" time="6.393"/>
  <system-out/>
</testsuite> <!-- PomClass.TC01_VerifyLoginFunctionality -->
